This file contains any messages produced by compilers while
running configure, to aid debugging if configure makes a mistake.

It was created by disruptor configure 0.1, which was
generated by GNU Autoconf 2.65.  Invocation command line was

  $ ./configure 

## --------- ##
## Platform. ##
## --------- ##

hostname = amit-desktop
uname -m = x86_64
uname -r = 3.0.0-28-generic
uname -s = Linux
uname -v = #45-Ubuntu SMP Wed Nov 14 21:57:26 UTC 2012

/usr/bin/uname -p = unknown
/bin/uname -X     = unknown

/bin/arch              = unknown
/usr/bin/arch -k       = unknown
/usr/convex/getsysinfo = unknown
/usr/bin/hostinfo      = unknown
/bin/machine           = unknown
/usr/bin/oslevel       = unknown
/bin/universe          = unknown

PATH: /usr/lib/lightdm/lightdm
PATH: /usr/local/sbin
PATH: /usr/local/bin
PATH: /usr/sbin
PATH: /usr/bin
PATH: /sbin
PATH: /bin
PATH: /usr/games


## ----------- ##
## Core tests. ##
## ----------- ##

configure:2348: checking for g++
configure:2364: found /usr/bin/g++
configure:2375: result: g++
configure:2402: checking for C++ compiler version
configure:2411: g++ --version >&5
g++ (Ubuntu/Linaro 4.6.1-9ubuntu3) 4.6.1
Copyright (C) 2011 Free Software Foundation, Inc.
This is free software; see the source for copying conditions.  There is NO
warranty; not even for MERCHANTABILITY or FITNESS FOR A PARTICULAR PURPOSE.

configure:2422: $? = 0
configure:2411: g++ -v >&5
Using built-in specs.
COLLECT_GCC=g++
COLLECT_LTO_WRAPPER=/usr/lib/gcc/x86_64-linux-gnu/4.6.1/lto-wrapper
Target: x86_64-linux-gnu
Configured with: ../src/configure -v --with-pkgversion='Ubuntu/Linaro 4.6.1-9ubuntu3' --with-bugurl=file:///usr/share/doc/gcc-4.6/README.Bugs --enable-languages=c,c++,fortran,objc,obj-c++,go --prefix=/usr --program-suffix=-4.6 --enable-shared --enable-linker-build-id --with-system-zlib --libexecdir=/usr/lib --without-included-gettext --enable-threads=posix --with-gxx-include-dir=/usr/include/c++/4.6 --libdir=/usr/lib --enable-nls --with-sysroot=/ --enable-clocale=gnu --enable-libstdcxx-debug --enable-libstdcxx-time=yes --enable-plugin --enable-objc-gc --disable-werror --with-arch-32=i686 --with-tune=generic --enable-checking=release --build=x86_64-linux-gnu --host=x86_64-linux-gnu --target=x86_64-linux-gnu
Thread model: posix
gcc version 4.6.1 (Ubuntu/Linaro 4.6.1-9ubuntu3) 
configure:2422: $? = 0
configure:2411: g++ -V >&5
g++: error: unrecognized option '-V'
g++: fatal error: no input files
compilation terminated.
configure:2422: $? = 4
configure:2411: g++ -qversion >&5
g++: error: unrecognized option '-qversion'
g++: fatal error: no input files
compilation terminated.
configure:2422: $? = 4
configure:2442: checking whether the C++ compiler works
configure:2464: g++    conftest.cpp  >&5
configure:2468: $? = 0
configure:2517: result: yes
configure:2520: checking for C++ compiler default output file name
configure:2522: result: a.out
configure:2528: checking for suffix of executables
configure:2535: g++ -o conftest    conftest.cpp  >&5
configure:2539: $? = 0
configure:2561: result: 
configure:2583: checking whether we are cross compiling
configure:2591: g++ -o conftest    conftest.cpp  >&5
configure:2595: $? = 0
configure:2602: ./conftest
configure:2606: $? = 0
configure:2621: result: no
configure:2626: checking for suffix of object files
configure:2648: g++ -c   conftest.cpp >&5
configure:2652: $? = 0
configure:2673: result: o
configure:2677: checking whether we are using the GNU C++ compiler
configure:2696: g++ -c   conftest.cpp >&5
configure:2696: $? = 0
configure:2705: result: yes
configure:2714: checking whether g++ accepts -g
configure:2734: g++ -c -g  conftest.cpp >&5
configure:2734: $? = 0
configure:2775: result: yes
configure:2846: checking for gcc
configure:2862: found /usr/bin/gcc
configure:2873: result: gcc
configure:3102: checking for C compiler version
configure:3111: gcc --version >&5
gcc (Ubuntu/Linaro 4.6.1-9ubuntu3) 4.6.1
Copyright (C) 2011 Free Software Foundation, Inc.
This is free software; see the source for copying conditions.  There is NO
warranty; not even for MERCHANTABILITY or FITNESS FOR A PARTICULAR PURPOSE.

configure:3122: $? = 0
configure:3111: gcc -v >&5
Using built-in specs.
COLLECT_GCC=gcc
COLLECT_LTO_WRAPPER=/usr/lib/gcc/x86_64-linux-gnu/4.6.1/lto-wrapper
Target: x86_64-linux-gnu
Configured with: ../src/configure -v --with-pkgversion='Ubuntu/Linaro 4.6.1-9ubuntu3' --with-bugurl=file:///usr/share/doc/gcc-4.6/README.Bugs --enable-languages=c,c++,fortran,objc,obj-c++,go --prefix=/usr --program-suffix=-4.6 --enable-shared --enable-linker-build-id --with-system-zlib --libexecdir=/usr/lib --without-included-gettext --enable-threads=posix --with-gxx-include-dir=/usr/include/c++/4.6 --libdir=/usr/lib --enable-nls --with-sysroot=/ --enable-clocale=gnu --enable-libstdcxx-debug --enable-libstdcxx-time=yes --enable-plugin --enable-objc-gc --disable-werror --with-arch-32=i686 --with-tune=generic --enable-checking=release --build=x86_64-linux-gnu --host=x86_64-linux-gnu --target=x86_64-linux-gnu
Thread model: posix
gcc version 4.6.1 (Ubuntu/Linaro 4.6.1-9ubuntu3) 
configure:3122: $? = 0
configure:3111: gcc -V >&5
gcc: error: unrecognized option '-V'
gcc: fatal error: no input files
compilation terminated.
configure:3122: $? = 4
configure:3111: gcc -qversion >&5
gcc: error: unrecognized option '-qversion'
gcc: fatal error: no input files
compilation terminated.
configure:3122: $? = 4
configure:3126: checking whether we are using the GNU C compiler
configure:3145: gcc -c   conftest.c >&5
configure:3145: $? = 0
configure:3154: result: yes
configure:3163: checking whether gcc accepts -g
configure:3183: gcc -c -g  conftest.c >&5
configure:3183: $? = 0
configure:3224: result: yes
configure:3241: checking for gcc option to accept ISO C89
configure:3305: gcc  -c -g -O2  conftest.c >&5
configure:3305: $? = 0
configure:3318: result: none needed
configure:3379: checking for a BSD-compatible install
configure:3447: result: /usr/bin/install -c
configure:3458: checking whether build environment is sane
configure:3508: result: yes
configure:3649: checking for a thread-safe mkdir -p
configure:3688: result: /bin/mkdir -p
configure:3701: checking for gawk
configure:3731: result: no
configure:3701: checking for mawk
configure:3717: found /usr/bin/mawk
configure:3728: result: mawk
configure:3739: checking whether make sets $(MAKE)
configure:3761: result: yes
configure:3791: checking for style of include used by make
configure:3819: result: GNU
configure:3895: checking dependency style of gcc
configure:4005: result: gcc3
configure:4022: checking dependency style of g++
configure:4132: result: gcc3
configure:4156: checking how to run the C preprocessor
configure:4187: gcc -E  conftest.c
configure:4187: $? = 0
configure:4201: gcc -E  conftest.c
conftest.c:9:28: fatal error: ac_nonexistent.h: No such file or directory
compilation terminated.
configure:4201: $? = 1
configure: failed program was:
| /* confdefs.h */
| #define PACKAGE_NAME "disruptor"
| #define PACKAGE_TARNAME "disruptor"
| #define PACKAGE_VERSION "0.1"
| #define PACKAGE_STRING "disruptor 0.1"
| #define PACKAGE_BUGREPORT "fsaintjacques@gmail.com"
| #define PACKAGE_URL ""
| /* end confdefs.h.  */
| #include <ac_nonexistent.h>
configure:4226: result: gcc -E
configure:4246: gcc -E  conftest.c
configure:4246: $? = 0
configure:4260: gcc -E  conftest.c
conftest.c:9:28: fatal error: ac_nonexistent.h: No such file or directory
compilation terminated.
configure:4260: $? = 1
configure: failed program was:
| /* confdefs.h */
| #define PACKAGE_NAME "disruptor"
| #define PACKAGE_TARNAME "disruptor"
| #define PACKAGE_VERSION "0.1"
| #define PACKAGE_STRING "disruptor 0.1"
| #define PACKAGE_BUGREPORT "fsaintjacques@gmail.com"
| #define PACKAGE_URL ""
| /* end confdefs.h.  */
| #include <ac_nonexistent.h>
configure:4289: checking for grep that handles long lines and -e
configure:4347: result: /bin/grep
configure:4352: checking for egrep
configure:4414: result: /bin/grep -E
configure:4419: checking for ANSI C header files
configure:4439: gcc -c -g -O2  conftest.c >&5
configure:4439: $? = 0
configure:4512: gcc -o conftest -g -O2   conftest.c  >&5
configure:4512: $? = 0
configure:4512: ./conftest
configure:4512: $? = 0
configure:4523: result: yes
configure:4536: checking for sys/types.h
configure:4536: gcc -c -g -O2  conftest.c >&5
configure:4536: $? = 0
configure:4536: result: yes
configure:4536: checking for sys/stat.h
configure:4536: gcc -c -g -O2  conftest.c >&5
configure:4536: $? = 0
configure:4536: result: yes
configure:4536: checking for stdlib.h
configure:4536: gcc -c -g -O2  conftest.c >&5
configure:4536: $? = 0
configure:4536: result: yes
configure:4536: checking for string.h
configure:4536: gcc -c -g -O2  conftest.c >&5
configure:4536: $? = 0
configure:4536: result: yes
configure:4536: checking for memory.h
configure:4536: gcc -c -g -O2  conftest.c >&5
configure:4536: $? = 0
configure:4536: result: yes
configure:4536: checking for strings.h
configure:4536: gcc -c -g -O2  conftest.c >&5
configure:4536: $? = 0
configure:4536: result: yes
configure:4536: checking for inttypes.h
configure:4536: gcc -c -g -O2  conftest.c >&5
configure:4536: $? = 0
configure:4536: result: yes
configure:4536: checking for stdint.h
configure:4536: gcc -c -g -O2  conftest.c >&5
configure:4536: $? = 0
configure:4536: result: yes
configure:4536: checking for unistd.h
configure:4536: gcc -c -g -O2  conftest.c >&5
configure:4536: $? = 0
configure:4536: result: yes
configure:4551: checking sys/time.h usability
configure:4551: gcc -c -g -O2  conftest.c >&5
configure:4551: $? = 0
configure:4551: result: yes
configure:4551: checking sys/time.h presence
configure:4551: gcc -E  conftest.c
configure:4551: $? = 0
configure:4551: result: yes
configure:4551: checking for sys/time.h
configure:4551: result: yes
configure:4563: checking for stdbool.h that conforms to C99
configure:4648: gcc -c -g -O2  conftest.c >&5
configure:4648: $? = 0
configure:4655: result: yes
configure:4657: checking for _Bool
configure:4657: gcc -c -g -O2  conftest.c >&5
configure:4657: $? = 0
configure:4657: gcc -c -g -O2  conftest.c >&5
conftest.c: In function 'main':
conftest.c:56:20: error: expected expression before ')' token
configure:4657: $? = 1
configure: failed program was:
| /* confdefs.h */
| #define PACKAGE_NAME "disruptor"
| #define PACKAGE_TARNAME "disruptor"
| #define PACKAGE_VERSION "0.1"
| #define PACKAGE_STRING "disruptor 0.1"
| #define PACKAGE_BUGREPORT "fsaintjacques@gmail.com"
| #define PACKAGE_URL ""
| #define STDC_HEADERS 1
| #define HAVE_SYS_TYPES_H 1
| #define HAVE_SYS_STAT_H 1
| #define HAVE_STDLIB_H 1
| #define HAVE_STRING_H 1
| #define HAVE_MEMORY_H 1
| #define HAVE_STRINGS_H 1
| #define HAVE_INTTYPES_H 1
| #define HAVE_STDINT_H 1
| #define HAVE_UNISTD_H 1
| #define HAVE_SYS_TIME_H 1
| /* end confdefs.h.  */
| #include <stdio.h>
| #ifdef HAVE_SYS_TYPES_H
| # include <sys/types.h>
| #endif
| #ifdef HAVE_SYS_STAT_H
| # include <sys/stat.h>
| #endif
| #ifdef STDC_HEADERS
| # include <stdlib.h>
| # include <stddef.h>
| #else
| # ifdef HAVE_STDLIB_H
| #  include <stdlib.h>
| # endif
| #endif
| #ifdef HAVE_STRING_H
| # if !defined STDC_HEADERS && defined HAVE_MEMORY_H
| #  include <memory.h>
| # endif
| # include <string.h>
| #endif
| #ifdef HAVE_STRINGS_H
| # include <strings.h>
| #endif
| #ifdef HAVE_INTTYPES_H
| # include <inttypes.h>
| #endif
| #ifdef HAVE_STDINT_H
| # include <stdint.h>
| #endif
| #ifdef HAVE_UNISTD_H
| # include <unistd.h>
| #endif
| int
| main ()
| {
| if (sizeof ((_Bool)))
| 	    return 0;
|   ;
|   return 0;
| }
configure:4657: result: yes
configure:4673: checking for an ANSI C-conforming const
configure:4738: gcc -c -g -O2  conftest.c >&5
configure:4738: $? = 0
configure:4745: result: yes
configure:4753: checking for int64_t
configure:4753: gcc -c -g -O2  conftest.c >&5
configure:4753: $? = 0
configure:4753: gcc -c -g -O2  conftest.c >&5
conftest.c: In function 'main':
conftest.c:60:53: warning: integer overflow in expression [-Woverflow]
conftest.c:59:12: error: size of array 'test_array' is negative
conftest.c:59:12: error: storage size of 'test_array' isn't constant
configure:4753: $? = 1
configure: failed program was:
| /* confdefs.h */
| #define PACKAGE_NAME "disruptor"
| #define PACKAGE_TARNAME "disruptor"
| #define PACKAGE_VERSION "0.1"
| #define PACKAGE_STRING "disruptor 0.1"
| #define PACKAGE_BUGREPORT "fsaintjacques@gmail.com"
| #define PACKAGE_URL ""
| #define STDC_HEADERS 1
| #define HAVE_SYS_TYPES_H 1
| #define HAVE_SYS_STAT_H 1
| #define HAVE_STDLIB_H 1
| #define HAVE_STRING_H 1
| #define HAVE_MEMORY_H 1
| #define HAVE_STRINGS_H 1
| #define HAVE_INTTYPES_H 1
| #define HAVE_STDINT_H 1
| #define HAVE_UNISTD_H 1
| #define HAVE_SYS_TIME_H 1
| #define HAVE__BOOL 1
| #define HAVE_STDBOOL_H 1
| /* end confdefs.h.  */
| #include <stdio.h>
| #ifdef HAVE_SYS_TYPES_H
| # include <sys/types.h>
| #endif
| #ifdef HAVE_SYS_STAT_H
| # include <sys/stat.h>
| #endif
| #ifdef STDC_HEADERS
| # include <stdlib.h>
| # include <stddef.h>
| #else
| # ifdef HAVE_STDLIB_H
| #  include <stdlib.h>
| # endif
| #endif
| #ifdef HAVE_STRING_H
| # if !defined STDC_HEADERS && defined HAVE_MEMORY_H
| #  include <memory.h>
| # endif
| # include <string.h>
| #endif
| #ifdef HAVE_STRINGS_H
| # include <strings.h>
| #endif
| #ifdef HAVE_INTTYPES_H
| # include <inttypes.h>
| #endif
| #ifdef HAVE_STDINT_H
| # include <stdint.h>
| #endif
| #ifdef HAVE_UNISTD_H
| # include <unistd.h>
| #endif
| 	        enum { N = 64 / 2 - 1 };
| int
| main ()
| {
| static int test_array [1 - 2 * !((int64_t) (((((int64_t) 1 << N) << N) - 1) * 2 + 1)
| 		 < (int64_t) (((((int64_t) 1 << N) << N) - 1) * 2 + 2))];
| test_array [0] = 0
| 
|   ;
|   return 0;
| }
configure:4753: result: yes
configure:4764: checking whether time.h and sys/time.h may both be included
configure:4784: gcc -c -g -O2  conftest.c >&5
configure:4784: $? = 0
configure:4791: result: yes
configure:4801: checking if g++ supports C++0x features without additional flags
configure:4838: g++ -c -g -O2  conftest.cpp >&5
conftest.cpp:27:21: error: expected identifier before 'sizeof'
conftest.cpp:27:21: error: expected ',' or '...' before 'sizeof'
conftest.cpp:27:63: error: ISO C++ forbids declaration of 'static_assert' with no type [-fpermissive]
conftest.cpp:30:29: error: '>>' should be '> >' within a nested template argument list
conftest.cpp:33:13: error: expected constructor, destructor, or type conversion before '(' token
conftest.cpp:37:15: error: expected unqualified-id before '&&' token
configure:4838: $? = 1
configure: failed program was:
| /* confdefs.h */
| #define PACKAGE_NAME "disruptor"
| #define PACKAGE_TARNAME "disruptor"
| #define PACKAGE_VERSION "0.1"
| #define PACKAGE_STRING "disruptor 0.1"
| #define PACKAGE_BUGREPORT "fsaintjacques@gmail.com"
| #define PACKAGE_URL ""
| #define STDC_HEADERS 1
| #define HAVE_SYS_TYPES_H 1
| #define HAVE_SYS_STAT_H 1
| #define HAVE_STDLIB_H 1
| #define HAVE_STRING_H 1
| #define HAVE_MEMORY_H 1
| #define HAVE_STRINGS_H 1
| #define HAVE_INTTYPES_H 1
| #define HAVE_STDINT_H 1
| #define HAVE_UNISTD_H 1
| #define HAVE_SYS_TIME_H 1
| #define HAVE__BOOL 1
| #define HAVE_STDBOOL_H 1
| #define TIME_WITH_SYS_TIME 1
| /* end confdefs.h.  */
| 
|   template <typename T>
|     struct check
|     {
|       static_assert(sizeof(int) <= sizeof(T), "not big enough");
|     };
| 
|     typedef check<check<bool>> right_angle_brackets;
| 
|     int a;
|     decltype(a) b;
| 
|     typedef check<int> check_type;
|     check_type c;
|     check_type&& cr = c;
| int
| main ()
| {
| 
|   ;
|   return 0;
| }
configure:4852: result: no
configure:4855: checking if g++ supports C++0x features with -std=c++0x
configure:4894: g++ -c -g -O2 -std=c++0x  conftest.cpp >&5
conftest.cpp:37:23: error: invalid initialization of reference of type 'check_type&& {aka check<int>&&}' from expression of type 'check_type {aka check<int>}'
configure:4894: $? = 1
configure: failed program was:
| /* confdefs.h */
| #define PACKAGE_NAME "disruptor"
| #define PACKAGE_TARNAME "disruptor"
| #define PACKAGE_VERSION "0.1"
| #define PACKAGE_STRING "disruptor 0.1"
| #define PACKAGE_BUGREPORT "fsaintjacques@gmail.com"
| #define PACKAGE_URL ""
| #define STDC_HEADERS 1
| #define HAVE_SYS_TYPES_H 1
| #define HAVE_SYS_STAT_H 1
| #define HAVE_STDLIB_H 1
| #define HAVE_STRING_H 1
| #define HAVE_MEMORY_H 1
| #define HAVE_STRINGS_H 1
| #define HAVE_INTTYPES_H 1
| #define HAVE_STDINT_H 1
| #define HAVE_UNISTD_H 1
| #define HAVE_SYS_TIME_H 1
| #define HAVE__BOOL 1
| #define HAVE_STDBOOL_H 1
| #define TIME_WITH_SYS_TIME 1
| /* end confdefs.h.  */
| 
|   template <typename T>
|     struct check
|     {
|       static_assert(sizeof(int) <= sizeof(T), "not big enough");
|     };
| 
|     typedef check<check<bool>> right_angle_brackets;
| 
|     int a;
|     decltype(a) b;
| 
|     typedef check<int> check_type;
|     check_type c;
|     check_type&& cr = c;
| int
| main ()
| {
| 
|   ;
|   return 0;
| }
configure:4909: result: no
configure:4912: checking if g++ supports C++0x features with -std=gnu++0x
configure:4951: g++ -c -g -O2 -std=gnu++0x  conftest.cpp >&5
conftest.cpp:37:23: error: invalid initialization of reference of type 'check_type&& {aka check<int>&&}' from expression of type 'check_type {aka check<int>}'
configure:4951: $? = 1
configure: failed program was:
| /* confdefs.h */
| #define PACKAGE_NAME "disruptor"
| #define PACKAGE_TARNAME "disruptor"
| #define PACKAGE_VERSION "0.1"
| #define PACKAGE_STRING "disruptor 0.1"
| #define PACKAGE_BUGREPORT "fsaintjacques@gmail.com"
| #define PACKAGE_URL ""
| #define STDC_HEADERS 1
| #define HAVE_SYS_TYPES_H 1
| #define HAVE_SYS_STAT_H 1
| #define HAVE_STDLIB_H 1
| #define HAVE_STRING_H 1
| #define HAVE_MEMORY_H 1
| #define HAVE_STRINGS_H 1
| #define HAVE_INTTYPES_H 1
| #define HAVE_STDINT_H 1
| #define HAVE_UNISTD_H 1
| #define HAVE_SYS_TIME_H 1
| #define HAVE__BOOL 1
| #define HAVE_STDBOOL_H 1
| #define TIME_WITH_SYS_TIME 1
| /* end confdefs.h.  */
| 
|   template <typename T>
|     struct check
|     {
|       static_assert(sizeof(int) <= sizeof(T), "not big enough");
|     };
| 
|     typedef check<check<bool>> right_angle_brackets;
| 
|     int a;
|     decltype(a) b;
| 
|     typedef check<int> check_type;
|     check_type c;
|     check_type&& cr = c;
| int
| main ()
| {
| 
|   ;
|   return 0;
| }
configure:4966: result: no
configure:4979: checking for main in -lstdc++
configure:4998: gcc -o conftest -g -O2   conftest.c -lstdc++   >&5
configure:4998: $? = 0
configure:5007: result: yes
configure:5018: checking for main in -lrt
configure:5037: gcc -o conftest -g -O2   conftest.c -lrt  -lstdc++  >&5
configure:5037: $? = 0
configure:5046: result: yes
configure:5061: checking for gettimeofday
configure:5061: gcc -o conftest -g -O2   conftest.c -lrt -lstdc++  >&5
configure:5061: $? = 0
configure:5061: result: yes
configure:5240: creating ./config.status

## ---------------------- ##
## Running config.status. ##
## ---------------------- ##

This file was extended by disruptor config.status 0.1, which was
generated by GNU Autoconf 2.65.  Invocation command line was

  CONFIG_FILES    = 
  CONFIG_HEADERS  = 
  CONFIG_LINKS    = 
  CONFIG_COMMANDS = 
  $ ./config.status 

on amit-desktop

config.status:785: creating Makefile
config.status:785: creating perf/Makefile
config.status:785: creating test/Makefile
config.status:948: executing depfiles commands

## ---------------- ##
## Cache variables. ##
## ---------------- ##

ac_cv_c_compiler_gnu=yes
ac_cv_c_const=yes
ac_cv_c_int64_t=yes
ac_cv_cxx_compile_cxx0x_cxx=no
ac_cv_cxx_compile_cxx0x_gxx=no
ac_cv_cxx_compile_cxx0x_native=no
ac_cv_cxx_compiler_gnu=yes
ac_cv_env_CCC_set=
ac_cv_env_CCC_value=
ac_cv_env_CC_set=
ac_cv_env_CC_value=
ac_cv_env_CFLAGS_set=
ac_cv_env_CFLAGS_value=
ac_cv_env_CPPFLAGS_set=
ac_cv_env_CPPFLAGS_value=
ac_cv_env_CPP_set=
ac_cv_env_CPP_value=
ac_cv_env_CXXFLAGS_set=
ac_cv_env_CXXFLAGS_value=
ac_cv_env_CXX_set=
ac_cv_env_CXX_value=
ac_cv_env_LDFLAGS_set=
ac_cv_env_LDFLAGS_value=
ac_cv_env_LIBS_set=
ac_cv_env_LIBS_value=
ac_cv_env_build_alias_set=
ac_cv_env_build_alias_value=
ac_cv_env_host_alias_set=
ac_cv_env_host_alias_value=
ac_cv_env_target_alias_set=
ac_cv_env_target_alias_value=
ac_cv_func_gettimeofday=yes
ac_cv_header_inttypes_h=yes
ac_cv_header_memory_h=yes
ac_cv_header_stdbool_h=yes
ac_cv_header_stdc=yes
ac_cv_header_stdint_h=yes
ac_cv_header_stdlib_h=yes
ac_cv_header_string_h=yes
ac_cv_header_strings_h=yes
ac_cv_header_sys_stat_h=yes
ac_cv_header_sys_time_h=yes
ac_cv_header_sys_types_h=yes
ac_cv_header_time=yes
ac_cv_header_unistd_h=yes
ac_cv_lib_rt_main=yes
ac_cv_lib_stdcpp_main=yes
ac_cv_objext=o
ac_cv_path_EGREP='/bin/grep -E'
ac_cv_path_GREP=/bin/grep
ac_cv_path_install='/usr/bin/install -c'
ac_cv_path_mkdir=/bin/mkdir
ac_cv_prog_AWK=mawk
ac_cv_prog_CPP='gcc -E'
ac_cv_prog_ac_ct_CC=gcc
ac_cv_prog_ac_ct_CXX=g++
ac_cv_prog_cc_c89=
ac_cv_prog_cc_g=yes
ac_cv_prog_cxx_g=yes
ac_cv_prog_make_make_set=yes
ac_cv_type__Bool=yes
am_cv_CC_dependencies_compiler_type=gcc3
am_cv_CXX_dependencies_compiler_type=gcc3

## ----------------- ##
## Output variables. ##
## ----------------- ##

ACLOCAL='${SHELL} /home/amit/MyWorkSpace/disruptor-0.1/missing --run aclocal-1.11'
AMDEPBACKSLASH='\'
AMDEP_FALSE='#'
AMDEP_TRUE=''
AMTAR='${SHELL} /home/amit/MyWorkSpace/disruptor-0.1/missing --run tar'
AM_CXXFLAGS=' -std=c++0x'
AM_LDFLAGS=' -pthread'
AUTOCONF='${SHELL} /home/amit/MyWorkSpace/disruptor-0.1/missing --run autoconf'
AUTOHEADER='${SHELL} /home/amit/MyWorkSpace/disruptor-0.1/missing --run autoheader'
AUTOMAKE='${SHELL} /home/amit/MyWorkSpace/disruptor-0.1/missing --run automake-1.11'
AWK='mawk'
CC='gcc'
CCDEPMODE='depmode=gcc3'
CFLAGS='-g -O2'
CPP='gcc -E'
CPPFLAGS=''
CXX='g++'
CXXDEPMODE='depmode=gcc3'
CXXFLAGS='-g -O2'
CYGPATH_W='echo'
DEFS='-DPACKAGE_NAME=\"disruptor\" -DPACKAGE_TARNAME=\"disruptor\" -DPACKAGE_VERSION=\"0.1\" -DPACKAGE_STRING=\"disruptor\ 0.1\" -DPACKAGE_BUGREPORT=\"fsaintjacques@gmail.com\" -DPACKAGE_URL=\"\" -DSTDC_HEADERS=1 -DHAVE_SYS_TYPES_H=1 -DHAVE_SYS_STAT_H=1 -DHAVE_STDLIB_H=1 -DHAVE_STRING_H=1 -DHAVE_MEMORY_H=1 -DHAVE_STRINGS_H=1 -DHAVE_INTTYPES_H=1 -DHAVE_STDINT_H=1 -DHAVE_UNISTD_H=1 -DHAVE_SYS_TIME_H=1 -DHAVE__BOOL=1 -DHAVE_STDBOOL_H=1 -DTIME_WITH_SYS_TIME=1 -DHAVE_LIBSTDC__=1 -DHAVE_LIBRT=1 -DHAVE_GETTIMEOFDAY=1'
DEPDIR='.deps'
ECHO_C=''
ECHO_N='-n'
ECHO_T=''
EGREP='/bin/grep -E'
EXEEXT=''
GREP='/bin/grep'
INSTALL_DATA='${INSTALL} -m 644'
INSTALL_PROGRAM='${INSTALL}'
INSTALL_SCRIPT='${INSTALL}'
INSTALL_STRIP_PROGRAM='$(install_sh) -c -s'
LDFLAGS=''
LIBOBJS=''
LIBS='-lrt -lstdc++ '
LTLIBOBJS=''
MAKEINFO='${SHELL} /home/amit/MyWorkSpace/disruptor-0.1/missing --run makeinfo'
MKDIR_P='/bin/mkdir -p'
OBJEXT='o'
PACKAGE='disruptor'
PACKAGE_BUGREPORT='fsaintjacques@gmail.com'
PACKAGE_NAME='disruptor'
PACKAGE_STRING='disruptor 0.1'
PACKAGE_TARNAME='disruptor'
PACKAGE_URL=''
PACKAGE_VERSION='0.1'
PATH_SEPARATOR=':'
SET_MAKE=''
SHELL='/bin/bash'
STRIP=''
VERSION='0.1'
ac_ct_CC='gcc'
ac_ct_CXX='g++'
am__EXEEXT_FALSE=''
am__EXEEXT_TRUE='#'
am__fastdepCC_FALSE='#'
am__fastdepCC_TRUE=''
am__fastdepCXX_FALSE='#'
am__fastdepCXX_TRUE=''
am__include='include'
am__isrc=''
am__leading_dot='.'
am__quote=''
am__tar='${AMTAR} chof - "$$tardir"'
am__untar='${AMTAR} xf -'
bindir='${exec_prefix}/bin'
build_alias=''
datadir='${datarootdir}'
datarootdir='${prefix}/share'
docdir='${datarootdir}/doc/${PACKAGE_TARNAME}'
dvidir='${docdir}'
exec_prefix='${prefix}'
host_alias=''
htmldir='${docdir}'
includedir='${prefix}/include'
infodir='${datarootdir}/info'
install_sh='${SHELL} /home/amit/MyWorkSpace/disruptor-0.1/install-sh'
libdir='${exec_prefix}/lib'
libexecdir='${exec_prefix}/libexec'
localedir='${datarootdir}/locale'
localstatedir='${prefix}/var'
mandir='${datarootdir}/man'
mkdir_p='/bin/mkdir -p'
oldincludedir='/usr/include'
pdfdir='${docdir}'
prefix='/usr/local'
program_transform_name='s,x,x,'
psdir='${docdir}'
sbindir='${exec_prefix}/sbin'
sharedstatedir='${prefix}/com'
sysconfdir='${prefix}/etc'
target_alias=''

## ----------- ##
## confdefs.h. ##
## ----------- ##

/* confdefs.h */
#define PACKAGE_NAME "disruptor"
#define PACKAGE_TARNAME "disruptor"
#define PACKAGE_VERSION "0.1"
#define PACKAGE_STRING "disruptor 0.1"
#define PACKAGE_BUGREPORT "fsaintjacques@gmail.com"
#define PACKAGE_URL ""
#define STDC_HEADERS 1
#define HAVE_SYS_TYPES_H 1
#define HAVE_SYS_STAT_H 1
#define HAVE_STDLIB_H 1
#define HAVE_STRING_H 1
#define HAVE_MEMORY_H 1
#define HAVE_STRINGS_H 1
#define HAVE_INTTYPES_H 1
#define HAVE_STDINT_H 1
#define HAVE_UNISTD_H 1
#define HAVE_SYS_TIME_H 1
#define HAVE__BOOL 1
#define HAVE_STDBOOL_H 1
#define TIME_WITH_SYS_TIME 1
#define HAVE_LIBSTDC__ 1
#define HAVE_LIBRT 1
#define HAVE_GETTIMEOFDAY 1

configure: exit 0
